<?xml version="1.0" encoding="UTF-8"?>
<!-- Generated by org.testng.reporters.JUnitReportReporter -->
<testsuite hostname="Ultramining" failures="0" tests="1" name="test.SteamCS2SearchTest" time="22.640" errors="0" timestamp="2024-05-15T19:33:09 MSK" skipped="0">
  <testcase classname="test.SteamCS2SearchTest" name="seartchItemOnMarket" time="22.640"/>
</testsuite> <!-- test.SteamCS2SearchTest -->
