<?xml version="1.0" encoding="UTF-8"?>
<!-- Generated by org.testng.reporters.JUnitReportReporter -->
<testsuite hostname="Ultramining" failures="0" tests="1" name="test.SteamChartsTest" time="13.678" errors="0" timestamp="2024-05-19T20:36:58 MSK" skipped="0">
  <testcase classname="test.SteamChartsTest" name="seartchGameNewsOnHub" time="13.678"/>
</testsuite> <!-- test.SteamChartsTest -->
