<?xml version="1.0" encoding="UTF-8"?>
<!-- Generated by org.testng.reporters.JUnitReportReporter -->
<testsuite hostname="Ultramining" failures="0" tests="1" name="test.SteamCommunityMarketTest" time="16.236" errors="0" timestamp="2024-05-19T20:36:58 MSK" skipped="0">
  <testcase classname="test.SteamCommunityMarketTest" name="seartchItemOnMarket" time="16.236"/>
</testsuite> <!-- test.SteamCommunityMarketTest -->
