<?xml version="1.0" encoding="UTF-8"?>
<!-- Generated by org.testng.reporters.JUnitReportReporter -->
<testsuite hostname="Ultramining" failures="0" tests="1" name="test.SteamCommunityMarketTest" time="14.359" errors="0" timestamp="2024-05-15T19:33:09 MSK" skipped="0">
  <testcase classname="test.SteamCommunityMarketTest" name="seartchItemOnMarket" time="14.359"/>
</testsuite> <!-- test.SteamCommunityMarketTest -->
