<?xml version="1.0" encoding="UTF-8"?>
<!-- Generated by org.testng.reporters.JUnitReportReporter -->
<testsuite hostname="Ultramining" failures="0" tests="1" name="test.SteamCS2SearchTest" time="17.945" errors="0" timestamp="2024-05-19T20:36:58 MSK" skipped="0">
  <testcase classname="test.SteamCS2SearchTest" name="seartchItemOnMarket" time="17.945"/>
</testsuite> <!-- test.SteamCS2SearchTest -->
